<?xml version="1.0" encoding="UTF-8"?>
<!-- Generated by org.testng.reporters.JUnitReportReporter -->
<testsuite hostname="DESKTOP-DFP1P8F" failures="0" tests="2" name="annotationtest.AnnotationTest2" time="0.003" errors="0" timestamp="2023-03-01T21:43:36 IST" skipped="0">
  <testcase classname="annotationtest.AnnotationTest2" name="fun4" time="0.002"/>
  <system-out/>
  <testcase classname="annotationtest.AnnotationTest2" name="fun3" time="0.001"/>
  <system-out/>
</testsuite> <!-- annotationtest.AnnotationTest2 -->
