<?xml version="1.0" encoding="UTF-8"?>
<!-- Generated by org.testng.reporters.JUnitReportReporter -->
<testsuite hostname="DESKTOP-DFP1P8F" failures="0" tests="1" name="TestClass" time="0.018" errors="0" timestamp="2023-02-25T16:12:09 IST" skipped="0">
  <testcase classname="TestClass" name="firstTest" time="0.018"/>
  <system-out/>
</testsuite> <!-- TestClass -->
