<?xml version="1.0" encoding="UTF-8"?>
<!-- Generated by org.testng.reporters.JUnitReportReporter -->
<testsuite hostname="DESKTOP-DFP1P8F" failures="0" tests="1" name="orangehrm.NewTest" time="0.023" errors="0" timestamp="2023-03-01T20:05:13 IST" skipped="0">
  <testcase classname="orangehrm.NewTest" name="f" time="0.023"/>
  <system-out/>
</testsuite> <!-- orangehrm.NewTest -->
