<?xml version="1.0" encoding="UTF-8"?>
<!-- Generated by org.testng.reporters.JUnitReportReporter -->
<testsuite hostname="DESKTOP-DFP1P8F" failures="0" tests="1" name="com.tng.Tests.SettingUpEnviornment" time="4.790" errors="0" timestamp="2023-02-26T14:50:25 IST" skipped="0">
  <testcase classname="com.tng.Tests.SettingUpEnviornment" name="launchFbApp" time="4.790"/>
  <system-out/>
</testsuite> <!-- com.tng.Tests.SettingUpEnviornment -->
