<?xml version="1.0" encoding="UTF-8"?>
<!-- Generated by org.testng.reporters.JUnitReportReporter -->
<testsuite hostname="DESKTOP-DFP1P8F" failures="0" tests="2" name="annotationtest.AnnotationTest1" time="0.013" errors="0" timestamp="2023-03-01T21:43:36 IST" skipped="0">
  <testcase classname="annotationtest.AnnotationTest1" name="fun1" time="0.010"/>
  <system-out/>
  <testcase classname="annotationtest.AnnotationTest1" name="fun2" time="0.003"/>
  <system-out/>
</testsuite> <!-- annotationtest.AnnotationTest1 -->
