<?xml version="1.0" encoding="UTF-8"?>
<!-- Generated by org.testng.reporters.JUnitReportReporter -->
<testsuite hostname="DESKTOP-DFP1P8F" failures="0" tests="1" name="com.tng.Tests.FirstTest" time="10.661" errors="0" timestamp="2023-02-26T14:34:26 IST" skipped="0">
  <testcase classname="com.tng.Tests.FirstTest" name="testFacebook" time="10.661"/>
  <system-out/>
</testsuite> <!-- com.tng.Tests.FirstTest -->
