<?xml version="1.0" encoding="UTF-8"?>
<!-- Generated by org.testng.reporters.JUnitReportReporter -->
<testsuite hostname="DESKTOP-DFP1P8F" failures="0" tests="3" name="com.tng.Tests.FaceboolLoginTest" time="11.119" errors="0" timestamp="2023-02-26T15:46:33 IST" skipped="0">
  <testcase classname="com.tng.Tests.FaceboolLoginTest" name="launchFbApp" time="4.848"/>
  <system-out/>
  <testcase classname="com.tng.Tests.FaceboolLoginTest" name="testFacebookLogin" time="6.220"/>
  <system-out/>
  <testcase classname="com.tng.Tests.FaceboolLoginTest" name="warningPopUp" time="0.051"/>
  <system-out/>
</testsuite> <!-- com.tng.Tests.FaceboolLoginTest -->
