<?xml version="1.0" encoding="UTF-8"?>
<!-- Generated by org.testng.reporters.JUnitReportReporter -->
<testsuite hostname="DESKTOP-DFP1P8F" failures="0" tests="2" name="annotationtest.AnnotationTest" time="0.038" errors="0" timestamp="2023-03-01T21:17:31 IST" skipped="0">
  <testcase classname="annotationtest.AnnotationTest" name="fun1" time="0.033"/>
  <system-out/>
  <testcase classname="annotationtest.AnnotationTest" name="fun2" time="0.005"/>
  <system-out/>
</testsuite> <!-- annotationtest.AnnotationTest -->
